<?xml version="1.0" encoding="UTF-8"?>
<!-- Generated by org.testng.reporters.JUnitXMLReporter -->
<testsuite hostname="Mano" ignored="0" name="Test" tests="6" failures="0" timestamp="13 Jan 2023 18:56:58 GMT" time="12.444" errors="0">
  <testcase name="verifyLogin" time="1.995" classname="org.test.TestAutomation"/>
  <testcase name="verifyAvailableBalance" time="1.263" classname="org.test.TestAutomation"/>
  <testcase name="verifyFund" time="1.234" classname="org.test.TestAutomation"/>
  <testcase name="verifyTranscationFund" time="0.567" classname="org.test.TestAutomation"/>
  <testcase name="verifyContactUs" time="1.681" classname="org.test.TestAutomation"/>
  <testcase name="VerifySignOff" time="0.659" classname="org.test.TestAutomation"/>
</testsuite> <!-- Test -->
