<?xml version="1.0" encoding="UTF-8"?>
<testng-results skipped="0" failed="0" ignored="0" total="6" passed="6">
  <reporter-output>
  </reporter-output>
  <suite name="Suite" duration-ms="12444" started-at="2023-01-13T18:56:45Z" finished-at="2023-01-13T18:56:58Z">
    <groups>
    </groups>
    <test name="Test" duration-ms="12444" started-at="2023-01-13T18:56:45Z" finished-at="2023-01-13T18:56:58Z">
      <class name="org.test.TestAutomation">
        <test-method status="PASS" signature="setup()[pri:0, instance:org.test.TestAutomation@57baeedf]" name="setup" is-config="true" duration-ms="3342" started-at="2023-01-13T18:56:45Z" finished-at="2023-01-13T18:56:49Z">
          <reporter-output>
          </reporter-output>
        </test-method> <!-- setup -->
        <test-method status="PASS" signature="verifyLogin()[pri:1, instance:org.test.TestAutomation@57baeedf]" name="verifyLogin" duration-ms="1995" started-at="2023-01-13T18:56:49Z" finished-at="2023-01-13T18:56:51Z">
          <reporter-output>
          </reporter-output>
        </test-method> <!-- verifyLogin -->
        <test-method status="PASS" signature="beforeMethod()[pri:0, instance:org.test.TestAutomation@57baeedf]" name="beforeMethod" is-config="true" duration-ms="0" started-at="2023-01-13T18:56:49Z" finished-at="2023-01-13T18:56:49Z">
          <reporter-output>
          </reporter-output>
        </test-method> <!-- beforeMethod -->
        <test-method status="PASS" signature="afterMethod(org.testng.ITestResult)[pri:0, instance:org.test.TestAutomation@57baeedf]" name="afterMethod" is-config="true" duration-ms="169" started-at="2023-01-13T18:56:51Z" finished-at="2023-01-13T18:56:51Z">
          <params>
            <param index="0">
              <value>
                <![CDATA[[TestResult name=verifyLogin status=SUCCESS method=TestAutomation.verifyLogin()[pri:1, instance:org.test.TestAutomation@57baeedf] output={null}]]]>
              </value>
            </param>
          </params>
          <reporter-output>
          </reporter-output>
        </test-method> <!-- afterMethod -->
        <test-method status="PASS" signature="beforeMethod()[pri:0, instance:org.test.TestAutomation@57baeedf]" name="beforeMethod" is-config="true" duration-ms="0" started-at="2023-01-13T18:56:51Z" finished-at="2023-01-13T18:56:51Z">
          <reporter-output>
          </reporter-output>
        </test-method> <!-- beforeMethod -->
        <test-method status="PASS" signature="verifyAvailableBalance()[pri:2, instance:org.test.TestAutomation@57baeedf]" name="verifyAvailableBalance" duration-ms="1263" started-at="2023-01-13T18:56:51Z" finished-at="2023-01-13T18:56:52Z">
          <reporter-output>
          </reporter-output>
        </test-method> <!-- verifyAvailableBalance -->
        <test-method status="PASS" signature="afterMethod(org.testng.ITestResult)[pri:0, instance:org.test.TestAutomation@57baeedf]" name="afterMethod" is-config="true" duration-ms="136" started-at="2023-01-13T18:56:52Z" finished-at="2023-01-13T18:56:52Z">
          <params>
            <param index="0">
              <value>
                <![CDATA[[TestResult name=verifyAvailableBalance status=SUCCESS method=TestAutomation.verifyAvailableBalance()[pri:2, instance:org.test.TestAutomation@57baeedf] output={null}]]]>
              </value>
            </param>
          </params>
          <reporter-output>
          </reporter-output>
        </test-method> <!-- afterMethod -->
        <test-method status="PASS" signature="verifyFund()[pri:3, instance:org.test.TestAutomation@57baeedf]" name="verifyFund" duration-ms="1234" started-at="2023-01-13T18:56:52Z" finished-at="2023-01-13T18:56:54Z">
          <reporter-output>
          </reporter-output>
        </test-method> <!-- verifyFund -->
        <test-method status="PASS" signature="beforeMethod()[pri:0, instance:org.test.TestAutomation@57baeedf]" name="beforeMethod" is-config="true" duration-ms="0" started-at="2023-01-13T18:56:52Z" finished-at="2023-01-13T18:56:52Z">
          <reporter-output>
          </reporter-output>
        </test-method> <!-- beforeMethod -->
        <test-method status="PASS" signature="afterMethod(org.testng.ITestResult)[pri:0, instance:org.test.TestAutomation@57baeedf]" name="afterMethod" is-config="true" duration-ms="181" started-at="2023-01-13T18:56:54Z" finished-at="2023-01-13T18:56:54Z">
          <params>
            <param index="0">
              <value>
                <![CDATA[[TestResult name=verifyFund status=SUCCESS method=TestAutomation.verifyFund()[pri:3, instance:org.test.TestAutomation@57baeedf] output={null}]]]>
              </value>
            </param>
          </params>
          <reporter-output>
          </reporter-output>
        </test-method> <!-- afterMethod -->
        <test-method status="PASS" signature="beforeMethod()[pri:0, instance:org.test.TestAutomation@57baeedf]" name="beforeMethod" is-config="true" duration-ms="0" started-at="2023-01-13T18:56:54Z" finished-at="2023-01-13T18:56:54Z">
          <reporter-output>
          </reporter-output>
        </test-method> <!-- beforeMethod -->
        <test-method status="PASS" signature="verifyTranscationFund()[pri:4, instance:org.test.TestAutomation@57baeedf]" name="verifyTranscationFund" duration-ms="567" started-at="2023-01-13T18:56:54Z" finished-at="2023-01-13T18:56:54Z">
          <reporter-output>
          </reporter-output>
        </test-method> <!-- verifyTranscationFund -->
        <test-method status="PASS" signature="afterMethod(org.testng.ITestResult)[pri:0, instance:org.test.TestAutomation@57baeedf]" name="afterMethod" is-config="true" duration-ms="176" started-at="2023-01-13T18:56:54Z" finished-at="2023-01-13T18:56:55Z">
          <params>
            <param index="0">
              <value>
                <![CDATA[[TestResult name=verifyTranscationFund status=SUCCESS method=TestAutomation.verifyTranscationFund()[pri:4, instance:org.test.TestAutomation@57baeedf] output={null}]]]>
              </value>
            </param>
          </params>
          <reporter-output>
          </reporter-output>
        </test-method> <!-- afterMethod -->
        <test-method status="PASS" signature="beforeMethod()[pri:0, instance:org.test.TestAutomation@57baeedf]" name="beforeMethod" is-config="true" duration-ms="1" started-at="2023-01-13T18:56:55Z" finished-at="2023-01-13T18:56:55Z">
          <reporter-output>
          </reporter-output>
        </test-method> <!-- beforeMethod -->
        <test-method status="PASS" signature="verifyContactUs()[pri:5, instance:org.test.TestAutomation@57baeedf]" name="verifyContactUs" duration-ms="1681" started-at="2023-01-13T18:56:55Z" finished-at="2023-01-13T18:56:56Z">
          <reporter-output>
          </reporter-output>
        </test-method> <!-- verifyContactUs -->
        <test-method status="PASS" signature="afterMethod(org.testng.ITestResult)[pri:0, instance:org.test.TestAutomation@57baeedf]" name="afterMethod" is-config="true" duration-ms="196" started-at="2023-01-13T18:56:56Z" finished-at="2023-01-13T18:56:56Z">
          <params>
            <param index="0">
              <value>
                <![CDATA[[TestResult name=verifyContactUs status=SUCCESS method=TestAutomation.verifyContactUs()[pri:5, instance:org.test.TestAutomation@57baeedf] output={null}]]]>
              </value>
            </param>
          </params>
          <reporter-output>
          </reporter-output>
        </test-method> <!-- afterMethod -->
        <test-method status="PASS" signature="beforeMethod()[pri:0, instance:org.test.TestAutomation@57baeedf]" name="beforeMethod" is-config="true" duration-ms="0" started-at="2023-01-13T18:56:56Z" finished-at="2023-01-13T18:56:56Z">
          <reporter-output>
          </reporter-output>
        </test-method> <!-- beforeMethod -->
        <test-method status="PASS" signature="VerifySignOff()[pri:6, instance:org.test.TestAutomation@57baeedf]" name="VerifySignOff" duration-ms="659" started-at="2023-01-13T18:56:56Z" finished-at="2023-01-13T18:56:57Z">
          <reporter-output>
          </reporter-output>
        </test-method> <!-- VerifySignOff -->
        <test-method status="PASS" signature="afterMethod(org.testng.ITestResult)[pri:0, instance:org.test.TestAutomation@57baeedf]" name="afterMethod" is-config="true" duration-ms="233" started-at="2023-01-13T18:56:57Z" finished-at="2023-01-13T18:56:57Z">
          <params>
            <param index="0">
              <value>
                <![CDATA[[TestResult name=VerifySignOff status=SUCCESS method=TestAutomation.VerifySignOff()[pri:6, instance:org.test.TestAutomation@57baeedf] output={null}]]]>
              </value>
            </param>
          </params>
          <reporter-output>
          </reporter-output>
        </test-method> <!-- afterMethod -->
        <test-method status="PASS" signature="tearDown()[pri:0, instance:org.test.TestAutomation@57baeedf]" name="tearDown" is-config="true" duration-ms="605" started-at="2023-01-13T18:56:57Z" finished-at="2023-01-13T18:56:58Z">
          <reporter-output>
          </reporter-output>
        </test-method> <!-- tearDown -->
      </class> <!-- org.test.TestAutomation -->
    </test> <!-- Test -->
  </suite> <!-- Suite -->
</testng-results>
